[01:11:59.790][INFO][CraftTweaker-EarlyInit]: CraftTweaker is running on a Minecraft 1.20.1 production client modded with platform Forge
[01:11:59.865][INFO][CraftTweaker-EarlyInit]: Successfully injected RecipeFS file system
[01:12:00.077][INFO][CraftTweaker-Plugins]: Successfully identified and loaded plugin crafttweaker:builtin
[01:12:00.090][INFO][CraftTweaker-Plugins]: Successfully identified and loaded plugin crafttweaker:builtin_forge
[01:12:00.094][INFO][CraftTweaker-Plugins]: Successfully identified and loaded plugin createtweaker:main
[01:12:00.100][INFO][CraftTweaker-Plugins]: Successfully identified and loaded plugin farmersdelight:crafttweaker_plugin
[01:12:03.713][INFO][CraftTweaker]: The following mods have explicit CraftTweaker support through the default plugin:
[01:12:03.715][INFO][CraftTweaker]: - 'crafttweaker' at version '14.0.57'
[01:12:03.715][INFO][CraftTweaker]: - 'createtweaker' at version '4.0.15'
[01:12:03.715][INFO][CraftTweaker]: - 'farmersdelight' at version '1.20.1-1.2.7'
[01:12:19.929][INFO][CraftTweaker-ZenCode]: Started loading scripts for loader 'initialize'
[01:12:23.069][INFO][CraftTweaker-ZenCode]: Compiling and executing scripts
[01:12:23.306][INFO][CraftTweaker-ZenCode]: Successfully initialized modules [crafttweaker, expansions]
[01:12:23.799][INFO][CraftTweaker-ZenCode]: Execution for loader 'initialize' completed successfully
[01:13:34.869][INFO][CraftTweaker-ZenCode]: Started loading scripts for loader 'tags'
[01:13:34.905][INFO][CraftTweaker-ZenCode]: Compiling and executing scripts
[01:13:34.928][INFO][CraftTweaker-ZenCode]: Successfully initialized modules [crafttweaker, expansions]
[01:13:34.945][INFO][CraftTweaker-ZenCode]: Execution for loader 'tags' completed successfully
[01:13:37.822][INFO][CraftTweaker]: CraftTweaker reload starting!
[01:13:37.831][INFO][CraftTweaker-ZenCode]: Started loading scripts for loader 'crafttweaker'
[01:13:37.865][INFO][CraftTweaker-ZenCode]: Compiling and executing scripts
[01:13:38.548][INFO][CraftTweaker-ZenCode]: Successfully initialized modules [mods, crafttweaker, expansions]
[01:13:38.549][INFO][CraftTweaker-ZenCode]: Loading file 'Botania.zs' with priority 0
[01:13:38.555][INFO][CraftTweaker-ZenCode]: Loading file 'Create.zs' with priority 0
[01:13:38.572][INFO][CraftTweaker-ZenCode]: Loading file 'Минералы и ментол.zs' with priority 0
[01:13:38.588][INFO][CraftTweaker-ZenCode]: Loading file 'Тотемы и яблокъ.zs' with priority 0
[01:13:38.858][INFO][CraftTweaker]: Adding 'botania:terra_plate' recipe, with name: 'crafttweaker:verypodliyogonlol' that outputs: '<item:netherexp:treacherous_flame>'
[01:13:38.859][INFO][CraftTweaker]: Adding 'botania:terra_plate' recipe, with name: 'crafttweaker:zvezdazvezdy' that outputs: '<item:minecraft:nether_star>'
[01:13:38.860][INFO][CraftTweaker]: Adding 'botania:petal_apothecary' recipe, with name: 'crafttweaker:ochenydrobash' that outputs: '<item:netherexp:shotgun_core>'
[01:13:38.861][INFO][CraftTweaker]: Adding 'mythicbotany:infuser' recipe, with name: 'crafttweaker:lotusblackblackdick' that outputs: '<item:botania:blacker_lotus>'
[01:13:38.861][INFO][CraftTweaker]: Adding 'botania:terra_plate' recipe, with name: 'crafttweaker:lotusblackdick' that outputs: '<item:botania:black_lotus>'
[01:13:38.861][INFO][CraftTweaker]: Adding 'botania:petal_apothecary' recipe, with name: 'crafttweaker:ochenycemya' that outputs: '<item:botania:overgrowth_seed>'
[01:13:38.862][INFO][CraftTweaker]: Adding 'botania:terra_plate' recipe, with name: 'crafttweaker:cursedcursecursium' that outputs: '<item:cataclysm:cursium_ingot>'
[01:13:38.863][INFO][CraftTweaker]: Adding 'botania:petal_apothecary' recipe, with name: 'crafttweaker:crystalynycrystalycrystaly' that outputs: '<item:mowziesmobs:ice_crystal>'
[01:13:38.863][INFO][CraftTweaker]: Adding 'botania:petal_apothecary' recipe, with name: 'crafttweaker:zvezvezvezda' that outputs: '<item:mowziesmobs:grant_suns_blessing>'
[01:13:38.864][INFO][CraftTweaker]: Adding 'mythicbotany:infuser' recipe, with name: 'crafttweaker:fuckinfabricofreality' that outputs: '<item:enigmaticlegacy:star_fabric>'
[01:13:38.864][INFO][CraftTweaker]: Adding 'botania:elven_trade' recipe, with name: 'crafttweaker:exotic_food_trade' that outputs: '<item:minecraft:air>'
[01:13:38.868][INFO][CraftTweaker]: Adding 'create:pressing' recipe, with name: 'crafttweaker:finding_ore' that outputs: '<item:enigmaticlegacy:etherium_ore>'
[01:13:38.877][INFO][CraftTweaker]: Adding 'create:compacting' recipe, with name: 'crafttweaker:green_diamond' that outputs: '<item:create_unbreakable:luminarchy>'
[01:13:38.885][INFO][CraftTweaker]: Adding 'create:compacting' recipe, with name: 'crafttweaker:smelting_of_thousands_metals' that outputs: '<item:mowziesmobs:wrought_axe>'
[01:13:38.886][INFO][CraftTweaker]: Adding 'create:compacting' recipe, with name: 'crafttweaker:strengthening' that outputs: '<item:minecraft:reinforced_deepslate>'
[01:13:38.889][INFO][CraftTweaker]: Adding 'create:compacting' recipe, with name: 'crafttweaker:spawner' that outputs: '<item:minecraft:spawner>'
[01:13:38.890][INFO][CraftTweaker]: Adding 'create:compacting' recipe, with name: 'crafttweaker:lighting_the_eternal' that outputs: '<item:cataclysm:ignitium_ingot>'
[01:13:38.891][INFO][CraftTweaker]: Adding 'create:compacting' recipe, with name: 'crafttweaker:ore' that outputs: '<item:create_unbreakable:luminarchy_block>'
[01:13:38.892][INFO][CraftTweaker]: Adding 'create:compacting' recipe, with name: 'crafttweaker:another_ore' that outputs: '<item:create_unbreakable:philolite_block>'
[01:13:38.898][INFO][CraftTweaker]: Adding 'create:crushing' recipe, with name: 'crafttweaker:creation_of_such_matter' that outputs: '<item:enigmaticlegacy:the_cube>'
[01:13:38.898][INFO][CraftTweaker]: Adding 'create:crushing' recipe, with name: 'crafttweaker:wanderlite_crushing' that outputs: '<item:create_unbreakable:philolite>'
[01:13:38.899][INFO][CraftTweaker]: Adding 'create:crushing' recipe, with name: 'crafttweaker:finding_gem' that outputs: '<item:minecraft:emerald>'
[01:13:38.899][INFO][CraftTweaker]: Adding 'create:crushing' recipe, with name: 'crafttweaker:' that outputs: '<item:cataclysm:koboleton_bone>'
[01:13:38.901][INFO][CraftTweaker]: Adding 'create:mixing' recipe, with name: 'crafttweaker:dust_mixing' that outputs: '<item:enigmaticlegacy:astral_dust>'
[01:13:38.901][INFO][CraftTweaker]: Adding 'create:mixing' recipe, with name: 'crafttweaker:crystal_growing' that outputs: '<item:vs_clockwork:wanderlite_crystal>'
[01:13:38.902][INFO][CraftTweaker]: Adding 'create:mixing' recipe, with name: 'crafttweaker:rooting_in_the_rock' that outputs: '<item:minecraft:end_stone>'
[01:13:38.903][INFO][CraftTweaker]: Adding 'create:mixing' recipe, with name: 'crafttweaker:ancient_metal' that outputs: '<item:cataclysm:ancient_metal_ingot>'
[01:13:38.903][INFO][CraftTweaker]: Adding 'create:mixing' recipe, with name: 'crafttweaker:black_steel' that outputs: '<item:cataclysm:black_steel_ingot>'
[01:13:38.905][INFO][CraftTweaker]: Adding 'create:mixing' recipe, with name: 'crafttweaker:i_foun_oi-usa' that outputs: '<item:minecraft:air>'
[01:13:38.908][INFO][CraftTweaker]: Adding 'create:mixing' recipe, with name: 'crafttweaker:steel_leaf' that outputs: '<item:twilightforest:steeleaf_ingot>'
[01:13:38.909][INFO][CraftTweaker]: Adding 'create:mixing' recipe, with name: 'crafttweaker:knightmetal' that outputs: '<item:twilightforest:knightmetal_ingot>'
[01:13:38.911][INFO][CraftTweaker]: Adding 'create:mixing' recipe, with name: 'crafttweaker:jjjjump' that outputs: '<item:minecraft:air>'
[01:13:38.911][INFO][CraftTweaker]: Adding 'create:mixing' recipe, with name: 'crafttweaker:ffffast' that outputs: '<item:minecraft:air>'
[01:13:38.924][INFO][CraftTweaker]: Adding 'create:sequenced_assembly' recipe, with name: 'crafttweaker:sequenced_assembly/witherite' that outputs: '<item:cataclysm:witherite_ingot>'
[01:13:38.926][INFO][CraftTweaker]: Adding 'create:sequenced_assembly' recipe, with name: 'crafttweaker:sequenced_assembly/totem' that outputs: '<item:minecraft:totem_of_undying>'
[01:13:38.929][INFO][CraftTweaker]: Removing 'create:sequenced_assembly' recipes with output: '<item:minecraft:elytra>'
[01:13:38.931][INFO][CraftTweaker]: Adding 'create:sequenced_assembly' recipe, with name: 'crafttweaker:sequenced_assembly/megabrevno' that outputs: '<item:twilightforest:giant_log>'
[01:13:38.932][INFO][CraftTweaker]: Adding 'create:sequenced_assembly' recipe, with name: 'crafttweaker:sequenced_assembly/megaobsi' that outputs: '<item:twilightforest:giant_obsidian>'
[01:13:38.932][INFO][CraftTweaker]: Adding 'create:sequenced_assembly' recipe, with name: 'crafttweaker:sequenced_assembly/megacobbla' that outputs: '<item:twilightforest:giant_cobblestone>'
[01:13:38.933][INFO][CraftTweaker]: Adding 'create:sequenced_assembly' recipe, with name: 'crafttweaker:sequenced_assembly/megalisty' that outputs: '<item:twilightforest:giant_leaves>'
[01:13:38.934][INFO][CraftTweaker]: Adding 'create:sequenced_assembly' recipe, with name: 'crafttweaker:sequenced_assembly/megadredrevo' that outputs: '<item:twilightforest:hollow_oak_sapling>'
[01:13:38.936][INFO][CraftTweaker]: Adding 'create:sequenced_assembly' recipe, with name: 'crafttweaker:sequenced_assembly/breaking_down_boundaries' that outputs: '<item:minecraft:structure_void>'
[01:13:38.938][INFO][CraftTweaker]: Adding 'create:mechanical_crafting' recipe, with name: 'crafttweaker:elytra' that outputs: '<item:minecraft:elytra>'
[01:13:38.944][INFO][CraftTweaker]: Adding 'create:mechanical_crafting' recipe, with name: 'crafttweaker:ppppaint' that outputs: '<item:paintgun:paint_gun>'
[01:13:38.948][INFO][CraftTweaker]: Adding 'minecraft:crafting' recipe, of type: "shapeless", with name: 'crafttweaker:infinitum_of_matter' that outputs: '<item:minecraft:bedrock> * 4'
[01:13:38.949][INFO][CraftTweaker]: Adding 'minecraft:crafting' recipe, of type: "shapeless", with name: 'crafttweaker:restoration' that outputs: '<item:create:track>'
[01:13:38.949][INFO][CraftTweaker]: Adding 'minecraft:crafting' recipe, of type: "shapeless", with name: 'crafttweaker:distruction_1' that outputs: '<item:create_easy_structures:destroyedtrack_1>'
[01:13:38.950][INFO][CraftTweaker]: Adding 'minecraft:crafting' recipe, of type: "shapeless", with name: 'crafttweaker:distruction_2' that outputs: '<item:create_easy_structures:destroyedtrack_2>'
[01:13:38.950][INFO][CraftTweaker]: Adding 'minecraft:crafting' recipe, of type: "shapeless", with name: 'crafttweaker:distruction_3' that outputs: '<item:create_easy_structures:destroyedtrack_3>'
[01:13:38.951][INFO][CraftTweaker]: Removing 'crafting' recipes with output: '<item:spelunkery:echo_fork>'
[01:13:38.961][INFO][CraftTweaker]: Adding 'minecraft:crafting' recipe, of type: "shaped", with name: 'crafttweaker:end_portal_frame' that outputs: '<item:minecraft:end_portal_frame> * 6'
[01:13:38.963][INFO][CraftTweaker]: Adding 'minecraft:crafting' recipe, of type: "mirroring shaped", with name: 'crafttweaker:trezub' that outputs: '<item:minecraft:trident>'
[01:13:38.964][INFO][CraftTweaker]: Adding 'minecraft:crafting' recipe, of type: "shapeless", with name: 'crafttweaker:coating' that outputs: '<item:minecraft:ancient_debris>'
[01:13:38.964][INFO][CraftTweaker]: Adding 'minecraft:crafting' recipe, of type: "shaped", with name: 'crafttweaker:cherep_2' that outputs: '<item:cataclysm:remnant_skull>'
[01:13:38.965][INFO][CraftTweaker]: Adding 'minecraft:crafting' recipe, of type: "shaped", with name: 'crafttweaker:cherep_1' that outputs: '<item:cataclysm:kobolediator_skull>'
[01:13:38.965][INFO][CraftTweaker]: Adding 'minecraft:crafting' recipe, of type: "mirroring shaped", with name: 'crafttweaker:rog' that outputs: '<item:cataclysm:monstrous_horn>'
[01:13:38.966][INFO][CraftTweaker]: Adding 'minecraft:crafting' recipe, of type: "shapeless", with name: 'crafttweaker:pepel' that outputs: '<item:cataclysm:dying_ember>'
[01:13:38.967][INFO][CraftTweaker]: Adding 'minecraft:crafting' recipe, of type: "mirroring shaped", with name: 'crafttweaker:element' that outputs: '<item:cataclysm:lava_power_cell>'
[01:13:38.967][INFO][CraftTweaker]: Adding 'minecraft:crafting' recipe, of type: "shaped", with name: 'crafttweaker:emi' that outputs: '<item:cataclysm:emp>'
[01:13:38.968][INFO][CraftTweaker]: Adding 'minecraft:crafting' recipe, of type: "shapeless", with name: 'crafttweaker:dyh' that outputs: '<item:minecraft:dragon_breath>'
[01:13:38.968][INFO][CraftTweaker]: Removing 'crafting' recipes with output: '<item:spelunkery:echo_fork>'
[01:13:38.979][INFO][CraftTweaker]: Adding 'minecraft:crafting' recipe, of type: "shaped", with name: 'crafttweaker:amet' that outputs: '<item:minecraft:budding_amethyst>'
[01:13:38.980][INFO][CraftTweaker]: Adding 'minecraft:crafting' recipe, of type: "shaped", with name: 'crafttweaker:ogon' that outputs: '<item:excessive_building:budding_fiery_block>'
[01:13:38.980][INFO][CraftTweaker]: Adding 'minecraft:crafting' recipe, of type: "shaped", with name: 'crafttweaker:kyan' that outputs: '<item:excessive_building:budding_kyanite_block>'
[01:13:38.981][INFO][CraftTweaker]: Adding 'minecraft:crafting' recipe, of type: "shaped", with name: 'crafttweaker:mira' that outputs: '<item:excessive_building:budding_miralen_block>'
[01:13:38.981][INFO][CraftTweaker]: Adding 'minecraft:crafting' recipe, of type: "shaped", with name: 'crafttweaker:gorn' that outputs: '<item:cataclysm:infernal_forge>'
[01:13:38.982][INFO][CraftTweaker]: Adding 'minecraft:crafting' recipe, of type: "mirroring shaped", with name: 'crafttweaker:yadro' that outputs: '<item:cataclysm:void_core>'
[01:13:38.982][INFO][CraftTweaker]: Adding 'minecraft:crafting' recipe, of type: "shaped", with name: 'crafttweaker:perchaty' that outputs: '<item:cataclysm:gauntlet_of_guard>'
[01:13:38.983][INFO][CraftTweaker]: Adding 'minecraft:crafting' recipe, of type: "shapeless", with name: 'crafttweaker:yellcora' that outputs: '<item:minecraft:horn_coral_fan> * 2'
[01:13:38.984][INFO][CraftTweaker]: Adding 'minecraft:crafting' recipe, of type: "shapeless", with name: 'crafttweaker:redcora' that outputs: '<item:minecraft:fire_coral_fan> * 2'
[01:13:38.985][INFO][CraftTweaker]: Adding 'minecraft:crafting' recipe, of type: "shapeless", with name: 'crafttweaker:purcora' that outputs: '<item:minecraft:bubble_coral_fan> * 2'
[01:13:38.986][INFO][CraftTweaker]: Adding 'minecraft:crafting' recipe, of type: "shapeless", with name: 'crafttweaker:pincora' that outputs: '<item:minecraft:brain_coral_fan> * 2'
[01:13:38.986][INFO][CraftTweaker]: Adding 'minecraft:crafting' recipe, of type: "shapeless", with name: 'crafttweaker:blucora' that outputs: '<item:minecraft:tube_coral_fan> * 2'
[01:13:38.988][INFO][CraftTweaker]: Adding 'minecraft:crafting' recipe, of type: "shapeless", with name: 'crafttweaker:coralcoralll' that outputs: '<item:cataclysm:crystallized_coral_fragments>'
[01:13:38.988][INFO][CraftTweaker]: Adding 'minecraft:crafting' recipe, of type: "shaped", with name: 'crafttweaker:redcoralll' that outputs: '<item:minecraft:fire_coral> * 2'
[01:13:38.988][INFO][CraftTweaker]: Adding 'minecraft:crafting' recipe, of type: "shaped", with name: 'crafttweaker:yellcoralll' that outputs: '<item:minecraft:horn_coral> * 2'
[01:13:38.989][INFO][CraftTweaker]: Adding 'minecraft:crafting' recipe, of type: "shaped", with name: 'crafttweaker:purcoralll' that outputs: '<item:minecraft:bubble_coral> * 2'
[01:13:38.989][INFO][CraftTweaker]: Adding 'minecraft:crafting' recipe, of type: "shaped", with name: 'crafttweaker:pincoralll' that outputs: '<item:minecraft:brain_coral> * 2'
[01:13:38.989][INFO][CraftTweaker]: Adding 'minecraft:crafting' recipe, of type: "shaped", with name: 'crafttweaker:blucorralll' that outputs: '<item:minecraft:tube_coral> * 2'
[01:13:38.990][INFO][CraftTweaker]: Adding 'minecraft:crafting' recipe, of type: "shaped", with name: 'crafttweaker:redredcora' that outputs: '<item:minecraft:fire_coral> * 2'
[01:13:38.990][INFO][CraftTweaker]: Adding 'minecraft:crafting' recipe, of type: "shaped", with name: 'crafttweaker:redredredcora' that outputs: '<item:minecraft:fire_coral_fan>'
[01:13:38.990][INFO][CraftTweaker]: Adding 'minecraft:crafting' recipe, of type: "shaped", with name: 'crafttweaker:yelyelcora' that outputs: '<item:minecraft:horn_coral> * 2'
[01:13:38.991][INFO][CraftTweaker]: Adding 'minecraft:crafting' recipe, of type: "shaped", with name: 'crafttweaker:yelyelyelcora' that outputs: '<item:minecraft:horn_coral_fan>'
[01:13:38.991][INFO][CraftTweaker]: Adding 'minecraft:crafting' recipe, of type: "shaped", with name: 'crafttweaker:purpurcora' that outputs: '<item:minecraft:bubble_coral> * 2'
[01:13:38.991][INFO][CraftTweaker]: Adding 'minecraft:crafting' recipe, of type: "shaped", with name: 'crafttweaker:purpurpurcora' that outputs: '<item:minecraft:bubble_coral_fan>'
[01:13:38.992][INFO][CraftTweaker]: Adding 'minecraft:crafting' recipe, of type: "shaped", with name: 'crafttweaker:pinpincora' that outputs: '<item:minecraft:brain_coral> * 2'
[01:13:38.992][INFO][CraftTweaker]: Adding 'minecraft:crafting' recipe, of type: "shaped", with name: 'crafttweaker:pinpinpincora' that outputs: '<item:minecraft:brain_coral_fan>'
[01:13:38.992][INFO][CraftTweaker]: Adding 'minecraft:crafting' recipe, of type: "shaped", with name: 'crafttweaker:blublucora' that outputs: '<item:minecraft:tube_coral> * 2'
[01:13:38.993][INFO][CraftTweaker]: Adding 'minecraft:crafting' recipe, of type: "shaped", with name: 'crafttweaker:blublublucora' that outputs: '<item:minecraft:tube_coral_fan>'
[01:13:38.993][INFO][CraftTweaker]: Adding 'minecraft:crafting' recipe, of type: "shaped", with name: 'crafttweaker:yelyelyelyelcora' that outputs: '<item:minecraft:horn_coral_block>'
[01:13:38.993][INFO][CraftTweaker]: Adding 'minecraft:crafting' recipe, of type: "shaped", with name: 'crafttweaker:redredredredcora' that outputs: '<item:minecraft:fire_coral_block>'
[01:13:38.994][INFO][CraftTweaker]: Adding 'minecraft:crafting' recipe, of type: "shaped", with name: 'crafttweaker:purpurpurpurcora' that outputs: '<item:minecraft:bubble_coral_block>'
[01:13:38.994][INFO][CraftTweaker]: Adding 'minecraft:crafting' recipe, of type: "shaped", with name: 'crafttweaker:pinpinpinpincora' that outputs: '<item:minecraft:brain_coral_block>'
[01:13:38.995][INFO][CraftTweaker]: Adding 'minecraft:crafting' recipe, of type: "shaped", with name: 'crafttweaker:blublublublucora' that outputs: '<item:minecraft:tube_coral_block>'
[01:13:38.995][INFO][CraftTweaker]: Adding 'minecraft:crafting' recipe, of type: "mirroring shaped", with name: 'crafttweaker:dragon' that outputs: '<item:minecraft:dragon_head>'
[01:13:38.996][INFO][CraftTweaker]: Adding 'minecraft:crafting' recipe, of type: "mirroring shaped", with name: 'crafttweaker:mech_ocheny_steclo' that outputs: '<item:twilightforest:glass_sword>'
[01:13:38.996][INFO][CraftTweaker]: Removing 'crafting' recipes with output: '<item:paintgun:paint_gun>'
[01:13:39.005][INFO][CraftTweaker]: Adding 'minecraft:crafting' recipe, of type: "shapeless", with name: 'crafttweaker:echoechoecho' that outputs: '<item:minecraft:echo_shard>'
[01:13:39.006][INFO][CraftTweaker]: Adding 'minecraft:crafting' recipe, of type: "shapeless", with name: 'crafttweaker:crovy_ogon' that outputs: '<item:twilightforest:fiery_blood>'
[01:13:39.007][INFO][CraftTweaker]: Adding 'minecraft:crafting' recipe, of type: "shapeless", with name: 'crafttweaker:slyozy_ogon' that outputs: '<item:twilightforest:fiery_tears>'
[01:13:39.007][INFO][CraftTweaker]: Adding 'minecraft:crafting' recipe, of type: "shapeless", with name: 'crafttweaker:obsiobsi' that outputs: '<item:minecraft:obsidian> * 64'
[01:13:39.008][INFO][CraftTweaker]: Adding 'minecraft:crafting' recipe, of type: "mirroring shaped", with name: 'crafttweaker:ledoluk' that outputs: '<item:twilightforest:ice_bow>'
[01:13:39.008][INFO][CraftTweaker]: Adding 'minecraft:crafting' recipe, of type: "mirroring shaped", with name: 'crafttweaker:enderluk' that outputs: '<item:twilightforest:ender_bow>'
[01:13:39.009][INFO][CraftTweaker]: Adding 'minecraft:crafting' recipe, of type: "shapeless", with name: 'crafttweaker:megacoralcorararal' that outputs: '<item:cataclysm:coral_chunk>'
[01:13:39.009][INFO][CraftTweaker]: Adding 'minecraft:crafting' recipe, of type: "shapeless", with name: 'crafttweaker:megacoralcorararararal' that outputs: '<item:cataclysm:crystallized_coral>'
[01:13:39.009][INFO][CraftTweaker]: Adding 'minecraft:crafting' recipe, of type: "shaped", with name: 'crafttweaker:pustotypustota' that outputs: '<item:cataclysm:void_stone>'
[01:13:39.010][INFO][CraftTweaker]: Adding 'minecraft:crafting' recipe, of type: "shaped", with name: 'crafttweaker:yaycayaicyayca' that outputs: '<item:cataclysm:abyssal_egg>'
[01:13:39.010][INFO][CraftTweaker]: Adding 'minecraft:crafting' recipe, of type: "shaped", with name: 'crafttweaker:cogticogogti' that outputs: '<item:cataclysm:tidal_claws>'
[01:13:39.011][INFO][CraftTweaker]: Adding 'minecraft:crafting' recipe, of type: "shaped", with name: 'crafttweaker:creating_geobeads' that outputs: '<item:mowziesmobs:geomancer_beads>'
[01:13:39.011][INFO][CraftTweaker]: Adding 'minecraft:crafting' recipe, of type: "shaped", with name: 'crafttweaker:sewing_georobe' that outputs: '<item:mowziesmobs:geomancer_robe>'
[01:13:39.011][INFO][CraftTweaker]: Adding 'minecraft:crafting' recipe, of type: "shaped", with name: 'crafttweaker:sewing_geobelt' that outputs: '<item:mowziesmobs:geomancer_belt>'
[01:13:39.012][INFO][CraftTweaker]: Adding 'minecraft:crafting' recipe, of type: "mirroring shaped", with name: 'crafttweaker:creating_geosandals' that outputs: '<item:mowziesmobs:geomancer_sandals>'
[01:13:39.012][INFO][CraftTweaker]: Adding 'minecraft:crafting' recipe, of type: "mirroring shaped", with name: 'crafttweaker:creating_geogauntlet' that outputs: '<item:mowziesmobs:earthrend_gauntlet>'
[01:13:39.012][INFO][CraftTweaker]: Adding 'minecraft:crafting' recipe, of type: "mirroring shaped", with name: 'crafttweaker:creating_geostaff' that outputs: '<item:mowziesmobs:sculptor_staff>'
[01:13:39.013][INFO][CraftTweaker]: Adding 'minecraft:crafting' recipe, of type: "shaped", with name: 'crafttweaker:maskosomas' that outputs: '<item:mowziesmobs:sol_visage>'
[01:13:39.013][INFO][CraftTweaker]: Adding 'minecraft:crafting' recipe, of type: "shaped", with name: 'crafttweaker:badge' that outputs: '<item:petrolpark:badge/bestie>'
[01:13:39.013][INFO][CraftTweaker]: Adding 'minecraft:crafting' recipe, of type: "shaped", with name: 'crafttweaker:badge1' that outputs: '<item:petrolpark:badge/competition_winner>'
[01:13:39.014][INFO][CraftTweaker]: Adding 'minecraft:crafting' recipe, of type: "shaped", with name: 'crafttweaker:badge2' that outputs: '<item:petrolpark:badge/content_creator>'
[01:13:39.014][INFO][CraftTweaker]: Adding 'minecraft:crafting' recipe, of type: "shaped", with name: 'crafttweaker:badge3' that outputs: '<item:petrolpark:badge/developer>'
[01:13:39.014][INFO][CraftTweaker]: Adding 'minecraft:crafting' recipe, of type: "shaped", with name: 'crafttweaker:badge4' that outputs: '<item:petrolpark:badge/early_bird>'
[01:13:39.015][INFO][CraftTweaker]: Adding 'minecraft:crafting' recipe, of type: "shaped", with name: 'crafttweaker:badge5' that outputs: '<item:petrolpark:badge/nitro>'
[01:13:39.015][INFO][CraftTweaker]: Adding 'minecraft:crafting' recipe, of type: "shaped", with name: 'crafttweaker:badge6' that outputs: '<item:petrolpark:badge/suggestion>'
[01:13:39.015][INFO][CraftTweaker]: Adding 'minecraft:crafting' recipe, of type: "shaped", with name: 'crafttweaker:badge7' that outputs: '<item:petrolpark:badge/translator>'
[01:13:39.016][INFO][CraftTweaker]: Adding 'minecraft:crafting' recipe, of type: "shaped", with name: 'crafttweaker:badge8' that outputs: '<item:destroy:badge/patreon_1>'
[01:13:39.016][INFO][CraftTweaker]: Adding 'minecraft:crafting' recipe, of type: "shaped", with name: 'crafttweaker:badge9' that outputs: '<item:destroy:badge/patreon_2>'
[01:13:39.017][INFO][CraftTweaker]: Adding 'minecraft:crafting' recipe, of type: "shaped", with name: 'crafttweaker:badge10' that outputs: '<item:destroy:badge/patreon_3>'
[01:13:39.017][INFO][CraftTweaker]: Adding 'minecraft:crafting' recipe, of type: "shaped", with name: 'crafttweaker:badge11' that outputs: '<item:petrolpark:badge/beta_tester>'
[01:13:39.018][INFO][CraftTweaker]: Adding 'minecraft:crafting' recipe, of type: "shaped", with name: 'crafttweaker:pyedpied' that outputs: '<item:cataclysm:altar_of_amethyst>'
[01:13:39.019][INFO][CraftTweaker]: Adding 'minecraft:crafting' recipe, of type: "shaped", with name: 'crafttweaker:vyedyvsemylubimmyaso' that outputs: '<item:cataclysm:amethyst_crab_meat>'
[01:13:39.019][INFO][CraftTweaker]: Adding 'minecraft:crafting' recipe, of type: "shaped", with name: 'crafttweaker:pancyrycyry' that outputs: '<item:cataclysm:amethyst_crab_shell>'
[01:13:39.020][INFO][CraftTweaker]: Adding 'minecraft:crafting' recipe, of type: "shapeless", with name: 'crafttweaker:dushnosty' that outputs: '<item:botania:ender_air_bottle>'
[01:13:39.021][INFO][CraftTweaker]: Adding 'minecraft:crafting' recipe, of type: "shapeless", with name: 'crafttweaker:pylipolnyshtany' that outputs: '<item:obscure_api:astral_dust>'
[01:13:39.021][INFO][CraftTweaker]: Adding 'minecraft:crafting' recipe, of type: "shaped", with name: 'crafttweaker:lantern_natural_enchantment' that outputs: '<item:betterarcheology:radiance_totem>'
[01:13:39.022][INFO][CraftTweaker]: Adding 'minecraft:crafting' recipe, of type: "shapeless", with name: 'crafttweaker:apple_natural_enchantment' that outputs: '<item:minecraft:enchanted_golden_apple>'
[01:13:39.023][INFO][CraftTweaker]: Adding 'minecraft:crafting' recipe, of type: "mirroring shaped", with name: 'crafttweaker:totem_natural_enchantment' that outputs: '<item:minecraft:totem_of_undying>'
[01:13:39.023][INFO][CraftTweaker]: Adding 'minecraft:crafting' recipe, of type: "mirroring shaped", with name: 'crafttweaker:torrent_natural_enchantment' that outputs: '<item:betterarcheology:torrent_totem>'
[01:13:39.024][INFO][CraftTweaker]: Adding 'minecraft:crafting' recipe, of type: "shaped", with name: 'crafttweaker:soul_natural_enchantment' that outputs: '<item:betterarcheology:soul_totem>'
[01:13:39.024][INFO][CraftTweaker]: Adding 'minecraft:crafting' recipe, of type: "shaped", with name: 'crafttweaker:flower_natural_enchantment' that outputs: '<item:betterarcheology:growth_totem>'
[01:13:39.025][INFO][CraftTweaker]: Adding 'minecraft:crafting' recipe, of type: "shapeless", with name: 'crafttweaker:solid_weaving_magic' that outputs: '<item:enigmaticlegacy:earth_heart>'
[01:13:39.025][INFO][CraftTweaker]: Adding 'minecraft:crafting' recipe, of type: "shaped", with name: 'crafttweaker:leather_dressing' that outputs: '<item:minecraft:saddle>'
[01:13:39.026][INFO][CraftTweaker]: Adding 'minecraft:crafting' recipe, of type: "mirroring shaped", with name: 'crafttweaker:forging_iron_horse_armor' that outputs: '<item:minecraft:iron_horse_armor>'
[01:13:39.026][INFO][CraftTweaker]: Adding 'minecraft:crafting' recipe, of type: "mirroring shaped", with name: 'crafttweaker:forging_golden_horse_armor' that outputs: '<item:minecraft:golden_horse_armor>'
[01:13:39.027][INFO][CraftTweaker]: Adding 'minecraft:crafting' recipe, of type: "mirroring shaped", with name: 'crafttweaker:forging_diamond_horse_armor' that outputs: '<item:minecraft:diamond_horse_armor>'
[01:13:39.027][INFO][CraftTweaker]: Adding 'minecraft:crafting' recipe, of type: "mirroring shaped", with name: 'crafttweaker:sand_rake' that outputs: '<item:mowziesmobs:sand_rake>'
[01:13:39.028][INFO][CraftTweaker]: Adding 'minecraft:crafting' recipe, of type: "shaped", with name: 'crafttweaker:...a_gun_that_kills_the_past...' that outputs: '<item:origins:orb_of_origin>'
[01:13:39.028][INFO][CraftTweaker]: Adding 'minecraft:crafting' recipe, of type: "shaped", with name: 'crafttweaker:rockwell_method' that outputs: '<item:createbigcannons:block_armor_inspection_tool>'
[01:13:39.028][INFO][CraftTweaker]: Adding 'minecraft:crafting' recipe, of type: "shaped", with name: 'crafttweaker:gravivavi' that outputs: '<item:vs_clockwork:creative_gravitron>'
[01:13:39.028][INFO][CraftTweaker]: Removing 'crafting' recipes with output: '<item:minecraft:bundle>'
[01:13:39.042][INFO][CraftTweaker]: Adding 'minecraft:crafting' recipe, of type: "shapeless", with name: 'crafttweaker:meshok' that outputs: '<item:minecraft:bundle>'
[01:13:39.044][INFO][CraftTweaker]: Adding 'minecraft:crafting' recipe, of type: "shapeless", with name: 'crafttweaker:yety' that outputs: '<item:twilightforest:alpha_yeti_boss_spawner>'
[01:13:39.045][INFO][CraftTweaker]: Adding 'minecraft:crafting' recipe, of type: "shapeless", with name: 'crafttweaker:rytcarya' that outputs: '<item:twilightforest:knight_phantom_boss_spawner>'
[01:13:39.046][INFO][CraftTweaker]: Adding 'minecraft:crafting' recipe, of type: "shapeless", with name: 'crafttweaker:rama' that outputs: '<item:twilightforest:quest_ram_spawn_egg>'
[01:13:39.046][INFO][CraftTweaker]: Adding 'minecraft:crafting' recipe, of type: "shapeless", with name: 'crafttweaker:nagi' that outputs: '<item:twilightforest:naga_boss_spawner>'
[01:13:39.047][INFO][CraftTweaker]: Adding 'minecraft:crafting' recipe, of type: "shapeless", with name: 'crafttweaker:licha' that outputs: '<item:twilightforest:lich_boss_spawner>'
[01:13:39.048][INFO][CraftTweaker]: Adding 'minecraft:crafting' recipe, of type: "shapeless", with name: 'crafttweaker:gryba' that outputs: '<item:twilightforest:minoshroom_boss_spawner>'
[01:13:39.049][INFO][CraftTweaker]: Adding 'minecraft:crafting' recipe, of type: "shapeless", with name: 'crafttweaker:gidry' that outputs: '<item:twilightforest:hydra_boss_spawner>'
[01:13:39.049][INFO][CraftTweaker]: Adding 'minecraft:crafting' recipe, of type: "shapeless", with name: 'crafttweaker:ghasta' that outputs: '<item:twilightforest:ur_ghast_boss_spawner>'
[01:13:39.050][INFO][CraftTweaker]: Adding 'minecraft:crafting' recipe, of type: "shapeless", with name: 'crafttweaker:corolevy' that outputs: '<item:twilightforest:snow_queen_boss_spawner>'
[01:13:39.050][INFO][CraftTweaker]: Removing 'crafting' recipes with output: '<item:vanillabackport:pale_oak_chest_boat>'
[01:13:39.063][INFO][CraftTweaker]: Adding 'minecraft:crafting' recipe, of type: "shaped", with name: 'crafttweaker:boboboat' that outputs: '<item:vanillabackport:pale_oak_chest_boat>'
[01:13:39.073][INFO][CraftTweaker]: Adding 'minecraft:crafting' recipe, of type: "shaped", with name: 'crafttweaker:infinitume_of_mana' that outputs: '<item:botania:mana_tablet>.withTag({mana: 500000, creative: 1})'
[01:13:39.073][INFO][CraftTweaker]: Adding 'minecraft:crafting' recipe, of type: "shapeless", with name: 'crafttweaker:infinitume_of_mana1' that outputs: '<item:botania:creative_pool>'
[01:13:39.074][INFO][CraftTweaker]: Adding 'minecraft:crafting' recipe, of type: "shapeless", with name: 'crafttweaker:infinitume_of_mana2' that outputs: '<item:botania:mana_tablet>.withTag({mana: 500000, creative: 1})'
[01:13:39.076][INFO][CraftTweaker]: Adding 'minecraft:crafting' recipe, of type: "shaped", with name: 'crafttweaker:infinitume_of_though' that outputs: '<item:hexcasting:creative_unlocker>'
[01:13:39.076][INFO][CraftTweaker]: Adding 'minecraft:crafting' recipe, of type: "shaped", with name: 'crafttweaker:infinitume_of_fuel' that outputs: '<item:create:creative_blaze_cake>'
[01:13:39.076][INFO][CraftTweaker]: Adding 'minecraft:crafting' recipe, of type: "mirroring shaped", with name: 'crafttweaker:infinitume_of_rotate' that outputs: '<item:create:creative_motor>'
[01:13:39.078][INFO][CraftTweaker]: Adding 'minecraft:crafting' recipe, of type: "shapeless", with name: 'crafttweaker:infinitume_of_liquid' that outputs: '<item:create:creative_fluid_tank> * 2'
[01:13:39.079][INFO][CraftTweaker]: Adding 'minecraft:crafting' recipe, of type: "shapeless", with name: 'crafttweaker:infinitume_of_ammo' that outputs: '<item:createbigcannons:creative_autocannon_ammo_container>'
[01:13:39.079][INFO][CraftTweaker]: Adding 'minecraft:crafting' recipe, of type: "mirroring shaped", with name: 'crafttweaker:infinitume' that outputs: '<item:create:creative_crate>'
[01:13:39.080][INFO][CraftTweaker]: Adding 'minecraft:crafting' recipe, of type: "shapeless", with name: 'crafttweaker:infinitume_of_terra' that outputs: '<item:create:handheld_worldshaper>'
[01:13:39.080][INFO][CraftTweaker-ZenCode]: Execution for loader 'crafttweaker' completed successfully
[01:13:39.084][INFO][CraftTweaker]: CraftTweaker reload complete!
[01:13:39.084][INFO][CraftTweaker]: This reload was made possible by Jessie Sims and more! Become a patron at https://patreon.com/jaredlll08?s=crtmod
[01:23:14.835][INFO][CraftTweaker-Commands]: Item: <item:minecraft:bundle>.withTag({Items: [{id: "minecraft:amethyst_shard", Count: 4}, {id: "minecraft:string", Count: 32}, {id: "minecraft:sweet_berries", Count: 3}, {id: "minecraft:bamboo", Count: 4}, {id: "minecraft:spruce_sapling", Count: 1}, {id: "minecraft:cherry_sapling", Count: 1}, {id: "minecraft:mangrove_propagule", Count: 1}, {id: "minecraft:acacia_sapling", Count: 1}]})
